SF:lib/app/shared_prefs/token_shared_prefs.dart
DA:9,0
DA:11,0
DA:13,0
DA:14,0
DA:16,0
DA:20,0
DA:22,0
DA:23,0
DA:25,0
DA:29,0
DA:31,0
DA:34,0
LF:12
LH:0
end_of_record
SF:lib/app/shared_prefs/user_shared_prefs.dart
DA:11,0
DA:13,0
DA:15,0
DA:16,0
DA:17,0
DA:18,0
DA:19,0
DA:20,0
DA:21,0
DA:22,0
DA:24,0
DA:26,0
DA:30,0
DA:32,0
DA:34,0
DA:35,0
DA:37,0
DA:39,0
DA:44,0
DA:46,0
DA:48,0
DA:49,0
DA:50,0
DA:51,0
DA:52,0
DA:53,0
DA:54,0
DA:55,0
DA:58,0
DA:68,0
DA:70,0
DA:73,0
DA:78,0
DA:80,0
DA:81,0
DA:82,0
DA:84,0
LF:37
LH:0
end_of_record
SF:lib/features/auth/domain/use_case/sign_up_user.dart
DA:13,0
DA:15,1
DA:17,0
DA:18,0
DA:24,1
DA:26,1
DA:28,7
DA:29,3
LF:8
LH:5
end_of_record
SF:lib/core/error/failure.dart
DA:5,6
DA:10,0
DA:11,0
DA:15,0
DA:23,6
DA:30,0
LF:6
LH:2
end_of_record
SF:lib/features/auth/data/dto/login_dto.dart
DA:10,1
DA:13,0
DA:16,0
DA:31,1
DA:43,0
DA:46,0
DA:54,1
DA:56,0
DA:59,0
LF:9
LH:3
end_of_record
SF:lib/features/auth/data/dto/login_dto.g.dart
DA:9,0
DA:10,0
DA:11,0
DA:14,0
DA:15,0
DA:16,0
DA:19,0
DA:20,0
DA:21,0
DA:22,0
DA:23,0
DA:24,0
DA:25,0
DA:26,0
DA:27,0
DA:30,0
DA:31,0
DA:32,0
DA:33,0
DA:34,0
DA:35,0
DA:36,0
DA:37,0
DA:38,0
DA:41,0
DA:42,0
DA:43,0
DA:46,0
DA:47,0
DA:48,0
LF:30
LH:0
end_of_record
SF:lib/features/auth/data/model/edit_profile_respons.dart
DA:4,0
DA:9,0
DA:11,0
LF:3
LH:0
end_of_record
SF:lib/features/auth/domain/use_case/login_user_usecase.dart
DA:16,1
DA:18,0
DA:20,0
DA:21,0
DA:30,1
DA:32,1
DA:35,6
DA:36,4
DA:38,4
DA:39,4
DA:41,6
DA:42,3
LF:12
LH:9
end_of_record
SF:lib/features/dashboard/data/model/location.dart
DA:5,4
DA:7,0
DA:8,0
DA:11,0
DA:12,0
LF:5
LH:1
end_of_record
SF:lib/features/dashboard/data/model/user_report.dart
DA:15,4
DA:28,0
DA:29,0
DA:30,0
DA:31,0
DA:32,0
DA:33,0
DA:34,0
DA:35,0
DA:36,0
DA:37,0
DA:38,0
DA:39,0
DA:43,0
DA:44,0
DA:45,0
DA:46,0
DA:47,0
DA:48,0
DA:49,0
DA:50,0
DA:51,0
DA:52,0
DA:53,0
DA:54,0
LF:25
LH:1
end_of_record
SF:lib/features/report_waste/data/model/report_waste_request.dart
DA:11,2
DA:13,0
DA:14,0
DA:17,0
DA:19,0
LF:5
LH:1
end_of_record
SF:lib/features/report_waste/data/model/report_waste_response.dart
DA:7,2
DA:9,0
DA:10,0
DA:13,0
DA:14,0
DA:17,0
DA:19,0
LF:7
LH:1
end_of_record
SF:lib/features/report_waste/domain/usecase/create_report.dart
DA:10,1
DA:12,1
DA:15,2
DA:16,2
DA:18,3
LF:5
LH:5
end_of_record
SF:lib/app/constants/api_endpoints.dart
DA:2,0
DA:22,0
DA:23,0
LF:3
LH:0
end_of_record
SF:lib/app/constants/hive_table_constant.dart
DA:2,0
LF:1
LH:0
end_of_record
SF:lib/app/constants/theme_constant.dart
DA:4,0
LF:1
LH:0
end_of_record
SF:lib/app/di/di.dart
DA:37,0
DA:39,0
DA:42,0
DA:43,0
DA:44,0
DA:45,0
DA:48,0
DA:51,0
DA:54,0
DA:55,0
DA:58,0
DA:61,0
DA:64,0
DA:67,0
DA:70,0
DA:71,0
DA:74,0
DA:76,0
DA:79,0
DA:80,0
DA:83,0
DA:84,0
DA:85,0
DA:88,0
DA:89,0
DA:92,0
DA:93,0
DA:94,0
DA:97,0
DA:98,0
DA:136,0
DA:137,0
DA:139,0
DA:140,0
DA:141,0
DA:142,0
DA:143,0
DA:144,0
DA:145,0
DA:150,0
DA:152,0
DA:153,0
DA:154,0
DA:157,0
DA:162,0
DA:163,0
DA:164,0
DA:165,0
DA:169,0
DA:170,0
DA:171,0
DA:174,0
DA:175,0
DA:176,0
DA:177,0
DA:178,0
DA:181,0
DA:182,0
DA:183,0
DA:184,0
DA:186,0
DA:189,0
DA:190,0
DA:191,0
DA:193,0
DA:194,0
DA:195,0
DA:196,0
DA:198,0
DA:199,0
LF:70
LH:0
end_of_record
SF:lib/app/shared_prefs/onboarding_shared_prefs.dart
DA:9,0
DA:11,0
DA:13,0
DA:14,0
DA:16,0
DA:20,0
DA:22,0
DA:23,0
DA:25,0
LF:9
LH:0
end_of_record
SF:lib/core/common/internet_checker/internet_checker.dart
DA:7,0
DA:9,0
DA:12,0
DA:17,0
DA:18,0
DA:22,0
DA:23,0
DA:24,0
LF:8
LH:0
end_of_record
SF:lib/features/auth/domain/use_case/fetch_user_profile.dart
DA:10,0
DA:12,0
DA:14,0
LF:3
LH:0
end_of_record
SF:lib/features/auth/domain/use_case/update_profile.dart
DA:16,0
DA:18,0
DA:19,0
DA:25,0
DA:27,0
DA:29,0
DA:31,0
DA:32,0
DA:33,0
LF:9
LH:0
end_of_record
SF:lib/features/dashboard/data/datasource/dashboard_remote_datasource.dart
DA:11,0
DA:13,0
DA:15,0
DA:16,0
LF:4
LH:0
end_of_record
SF:lib/features/dashboard/domain/usecase/fetch_user_reports.dart
DA:12,0
DA:14,0
DA:17,0
DA:19,0
DA:20,0
DA:22,0
DA:23,0
DA:24,0
DA:25,0
DA:26,0
DA:30,0
DA:32,0
LF:12
LH:0
end_of_record
SF:lib/features/report_waste/data/datasource/report_waste_remote_datasource.dart
DA:23,0
DA:25,0
DA:28,0
DA:29,0
DA:30,0
DA:31,0
DA:32,0
DA:33,0
DA:34,0
DA:35,0
DA:39,0
DA:42,0
DA:45,0
DA:47,0
DA:48,0
DA:49,0
DA:51,0
DA:55,0
DA:58,0
DA:60,0
DA:62,0
DA:63,0
DA:64,0
DA:66,0
DA:70,0
DA:73,0
DA:74,0
DA:75,0
DA:76,0
DA:77,0
DA:78,0
DA:79,0
DA:80,0
DA:84,0
DA:85,0
DA:87,0
DA:90,0
DA:92,0
DA:93,0
DA:94,0
DA:96,0
DA:100,0
DA:103,0
DA:106,0
DA:107,0
DA:109,0
LF:46
LH:0
end_of_record
SF:lib/features/report_waste/data/repository/report_waste_repository_impl.dart
DA:12,0
DA:14,0
DA:16,0
DA:17,0
DA:20,0
DA:24,0
DA:26,0
DA:27,0
DA:30,0
DA:34,0
DA:36,0
DA:37,0
DA:40,0
DA:44,0
DA:46,0
DA:47,0
DA:50,0
LF:17
LH:0
end_of_record
SF:lib/features/report_waste/domain/usecase/delete_report.dart
DA:9,1
DA:11,1
DA:14,2
DA:15,1
DA:17,3
LF:5
LH:5
end_of_record
SF:lib/features/report_waste/domain/usecase/fetch_report.dart
DA:11,1
DA:13,1
DA:16,2
DA:17,1
DA:19,3
LF:5
LH:5
end_of_record
SF:lib/features/report_waste/domain/usecase/update_report.dart
DA:10,1
DA:12,1
DA:15,2
DA:16,2
DA:18,3
LF:5
LH:5
end_of_record
SF:lib/features/report_waste/presentation/view_model/report_details/report_details_cubit.dart
DA:10,3
DA:12,1
DA:13,2
DA:14,8
LF:4
LH:4
end_of_record
SF:lib/features/report_waste/presentation/view_model/report_details/report_details_state.dart
DA:11,1
DA:17,1
LF:2
LH:2
end_of_record
SF:lib/core/network/api_service.dart
DA:10,0
DA:12,0
DA:13,0
DA:14,0
DA:15,0
DA:16,0
DA:17,0
DA:18,0
DA:19,0
DA:20,0
LF:10
LH:0
end_of_record
SF:lib/core/network/hive_service.dart
DA:8,0
DA:10,0
DA:11,0
DA:14,0
DA:17,0
DA:22,0
DA:23,0
DA:24,0
DA:27,0
DA:28,0
DA:29,0
DA:32,0
DA:33,0
DA:34,0
DA:38,0
DA:39,0
DA:40,0
LF:17
LH:0
end_of_record
SF:lib/features/auth/data/data_source/remote_datasource/user_remote_data_source.dart
DA:12,0
DA:15,0
DA:17,0
DA:18,0
DA:19,0
DA:20,0
DA:21,0
DA:23,0
DA:28,0
DA:30,0
DA:31,0
DA:32,0
DA:33,0
DA:34,0
DA:35,0
DA:37,0
DA:41,0
DA:43,0
DA:44,0
DA:46,0
DA:47,0
DA:48,0
DA:49,0
DA:53,0
DA:56,0
DA:59,0
DA:60,0
DA:61,0
DA:63,0
LF:29
LH:0
end_of_record
SF:lib/features/auth/data/repository/user_remote_repository.dart
DA:14,0
DA:16,0
DA:20,0
DA:21,0
DA:22,0
DA:24,0
DA:28,0
DA:31,0
DA:32,0
DA:33,0
DA:34,0
DA:38,0
DA:41,0
DA:42,0
DA:43,0
DA:44,0
LF:16
LH:0
end_of_record
SF:lib/features/auth/presentation/view_model/profile/profile_state.dart
DA:11,0
DA:17,0
LF:2
LH:0
end_of_record
SF:lib/features/auth/presentation/view_model/profile/profile_cubit.dart
DA:15,0
DA:17,0
DA:18,0
DA:19,0
DA:22,0
DA:23,0
DA:24,0
DA:25,0
LF:8
LH:0
end_of_record
SF:lib/features/auth/presentation/view_model/login/login_state.dart
DA:8,0
DA:14,1
DA:19,0
DA:24,0
DA:25,0
DA:26,0
DA:27,0
LF:7
LH:1
end_of_record
SF:lib/features/auth/presentation/view_model/login/login_event.dart
DA:4,0
DA:6,0
DA:7,0
DA:14,0
DA:23,0
LF:5
LH:0
end_of_record
SF:lib/features/auth/presentation/view_model/login/login_bloc.dart
DA:17,1
DA:20,2
DA:21,1
DA:22,0
DA:23,0
DA:24,0
DA:29,1
DA:30,0
DA:34,1
DA:35,0
DA:37,0
DA:39,0
DA:41,0
DA:42,0
DA:44,0
DA:47,0
DA:49,0
DA:51,0
DA:53,0
DA:56,0
LF:20
LH:5
end_of_record
SF:lib/features/dashboard/data/repository/dashboard_repository_impl.dart
DA:11,0
DA:13,0
DA:15,0
DA:16,0
DA:18,0
DA:20,0
LF:6
LH:0
end_of_record
SF:lib/features/home/presentation/view/bottom_view_model/dashboard_bloc.dart
DA:9,0
DA:10,0
DA:11,0
DA:14,0
DA:15,0
DA:17,0
DA:18,0
DA:20,0
DA:24,0
DA:25,0
DA:26,0
LF:11
LH:0
end_of_record
SF:lib/features/home/presentation/view_model/home_cubit.dart
DA:15,0
DA:17,0
DA:18,0
DA:22,0
DA:23,0
DA:24,0
DA:26,0
DA:27,0
DA:28,0
DA:30,0
LF:10
LH:0
end_of_record
SF:lib/features/onboarding/presentation/view_model/onboarding_cubit.dart
DA:11,0
DA:13,0
DA:14,0
DA:15,0
LF:4
LH:0
end_of_record
SF:lib/features/report_waste/presentation/view_model/report_waste/report_waste_cubit.dart
DA:25,0
DA:31,0
DA:33,0
DA:35,0
DA:38,0
DA:42,0
DA:44,0
DA:45,0
DA:46,0
DA:47,0
DA:48,0
DA:54,0
DA:55,0
DA:58,0
DA:59,0
DA:62,0
DA:63,0
DA:66,0
DA:67,0
DA:68,0
DA:69,0
DA:73,0
DA:74,0
DA:75,0
DA:76,0
DA:77,0
DA:78,0
DA:80,0
DA:81,0
DA:82,0
DA:83,0
DA:84,0
DA:86,0
DA:87,0
DA:88,0
DA:93,0
DA:94,0
DA:95,0
DA:96,0
DA:100,0
DA:102,0
DA:103,0
DA:104,0
DA:105,0
DA:106,0
DA:108,0
DA:109,0
DA:110,0
DA:111,0
DA:112,0
DA:114,0
DA:115,0
DA:116,0
DA:121,0
DA:122,0
DA:125,0
DA:126,0
DA:127,0
DA:128,0
DA:130,0
DA:131,0
DA:132,0
DA:137,0
DA:138,0
DA:139,0
LF:65
LH:0
end_of_record
SF:lib/features/report_waste/presentation/view_model/report_waste/report_waste_state.dart
DA:9,0
DA:11,0
DA:12,0
DA:13,0
DA:14,0
DA:15,0
DA:16,0
DA:20,0
DA:21,0
LF:9
LH:0
end_of_record
SF:lib/features/splash/presentation/view_model/splash_cubit.dart
DA:16,0
DA:24,0
DA:25,0
DA:26,0
DA:27,0
DA:29,0
DA:30,0
DA:32,0
DA:35,0
DA:36,0
DA:39,0
DA:40,0
DA:41,0
DA:42,0
DA:44,0
DA:45,0
DA:47,0
DA:48,0
DA:50,0
DA:51,0
DA:52,0
DA:55,0
DA:56,0
DA:65,0
DA:66,0
DA:67,0
DA:71,0
DA:72,0
DA:75,0
DA:76,0
DA:79,0
DA:80,0
DA:82,0
LF:33
LH:0
end_of_record
SF:lib/app/extensions/boolean_extensions.dart
DA:2,0
DA:3,0
LF:2
LH:0
end_of_record
SF:lib/app/extensions/context_extension.dart
DA:6,0
DA:9,0
DA:12,0
DA:15,0
DA:17,0
DA:20,0
LF:6
LH:0
end_of_record
SF:lib/app/extensions/number_extensions.dart
DA:3,0
DA:4,0
DA:10,0
DA:11,0
DA:17,0
DA:18,0
DA:23,0
DA:25,0
DA:26,0
DA:27,0
DA:28,0
DA:29,0
DA:30,0
DA:31,0
DA:32,0
DA:34,0
LF:16
LH:0
end_of_record
SF:lib/app/extensions/textstyle_extensions.dart
DA:4,0
DA:5,0
DA:6,0
DA:7,0
DA:9,0
DA:10,0
DA:12,0
DA:13,0
LF:8
LH:0
end_of_record
SF:lib/core/common/app_bar/main_app_bar.dart
DA:11,0
DA:13,0
DA:14,0
DA:16,0
DA:21,0
DA:25,0
DA:28,0
DA:29,0
DA:30,0
DA:31,0
DA:32,0
DA:36,0
DA:37,0
DA:38,0
DA:39,0
DA:40,0
DA:41,0
LF:17
LH:0
end_of_record
SF:lib/core/common/logo.dart
DA:6,0
DA:8,0
DA:10,0
LF:3
LH:0
end_of_record
SF:lib/core/common/snackbar/snackbar.dart
DA:3,0
DA:4,0
DA:6,0
DA:11,0
DA:13,0
DA:14,0
DA:15,0
LF:7
LH:0
end_of_record
SF:lib/core/common/permission_checker/permission_checker.dart
DA:5,0
DA:6,0
DA:7,0
DA:8,0
DA:13,0
DA:14,0
DA:15,0
DA:16,0
LF:8
LH:0
end_of_record
SF:lib/core/common/shake_detector/shake_detector.dart
DA:16,0
DA:23,0
DA:24,0
DA:25,0
DA:26,0
DA:27,0
DA:28,0
DA:30,0
DA:31,0
DA:32,0
DA:34,0
DA:36,0
DA:37,0
DA:39,0
DA:43,0
DA:44,0
DA:47,0
DA:48,0
DA:50,0
DA:51,0
DA:52,0
DA:56,0
DA:57,0
DA:63,0
DA:64,0
LF:25
LH:0
end_of_record
SF:lib/core/network/dio_error_interceptor.dart
DA:4,0
DA:6,0
DA:7,0
DA:8,0
DA:9,0
DA:10,0
DA:11,0
DA:12,0
DA:15,0
DA:16,0
DA:17,0
DA:19,0
DA:24,0
DA:25,0
DA:27,0
DA:30,0
LF:16
LH:0
end_of_record
SF:lib/features/auth/data/model/user_hive_model.dart
DA:39,0
DA:49,0
DA:53,0
DA:64,0
DA:65,0
LF:5
LH:0
end_of_record
SF:lib/features/auth/data/model/user_hive_model.g.dart
DA:13,0
DA:15,0
DA:16,0
DA:17,0
DA:19,0
DA:20,0
DA:21,0
DA:22,0
DA:23,0
DA:24,0
DA:25,0
DA:26,0
DA:27,0
DA:28,0
DA:32,0
DA:35,0
DA:36,0
DA:37,0
DA:38,0
DA:39,0
DA:40,0
DA:41,0
DA:42,0
DA:43,0
DA:44,0
DA:45,0
DA:46,0
DA:47,0
DA:48,0
DA:49,0
DA:50,0
DA:51,0
DA:52,0
DA:53,0
DA:56,0
DA:57,0
DA:59,0
DA:62,0
DA:63,0
DA:64,0
LF:40
LH:0
end_of_record
SF:lib/features/auth/presentation/view/login_view.dart
DA:13,1
DA:21,1
DA:23,1
DA:24,1
DA:25,1
DA:26,1
DA:27,1
DA:28,1
DA:29,1
DA:31,1
DA:32,1
DA:33,1
DA:34,1
DA:35,1
DA:37,1
DA:38,1
DA:42,1
DA:44,1
DA:46,1
DA:47,1
DA:51,1
DA:52,1
DA:59,1
DA:61,1
DA:62,1
DA:63,1
DA:65,1
DA:66,2
DA:67,0
DA:68,0
DA:72,1
DA:73,2
DA:74,2
DA:82,1
DA:83,1
DA:84,1
DA:86,1
DA:87,3
DA:88,0
DA:89,0
DA:91,0
DA:97,1
DA:100,1
DA:102,1
DA:103,0
DA:104,0
DA:113,1
DA:114,1
DA:115,2
DA:116,3
DA:117,2
DA:121,1
DA:122,0
DA:123,0
DA:126,0
DA:129,0
DA:130,0
DA:131,0
DA:132,0
DA:133,0
DA:134,0
DA:135,0
DA:141,1
DA:144,1
DA:146,1
DA:148,1
DA:150,1
DA:151,1
DA:153,1
LF:69
LH:52
end_of_record
SF:lib/features/auth/presentation/view/register_view.dart
DA:8,0
DA:10,0
DA:11,0
DA:24,0
DA:26,0
DA:27,0
DA:28,0
DA:29,0
DA:30,0
DA:31,0
DA:32,0
DA:34,0
DA:35,0
DA:36,0
DA:38,0
DA:39,0
DA:43,0
DA:45,0
DA:47,0
DA:48,0
DA:55,0
DA:57,0
DA:59,0
DA:60,0
DA:64,0
DA:65,0
DA:72,0
DA:74,0
DA:75,0
DA:76,0
DA:78,0
DA:79,0
DA:80,0
DA:83,0
DA:84,0
DA:87,0
DA:95,0
DA:96,0
DA:97,0
DA:98,0
DA:99,0
DA:100,0
DA:101,0
DA:102,0
DA:104,0
DA:105,0
DA:107,0
DA:108,0
DA:109,0
DA:116,0
DA:119,0
DA:121,0
DA:122,0
LF:53
LH:0
end_of_record
SF:lib/features/home/presentation/view/home_view.dart
DA:15,0
DA:17,0
DA:19,0
DA:20,0
DA:21,0
DA:22,0
DA:23,0
DA:25,0
DA:26,0
DA:27,0
DA:28,0
DA:29,0
DA:30,0
DA:36,0
DA:41,0
LF:15
LH:0
end_of_record
SF:lib/features/auth/presentation/view/profile_view.dart
DA:13,0
DA:15,0
DA:17,0
DA:18,0
DA:19,0
DA:21,0
DA:23,0
DA:24,0
DA:26,0
DA:27,0
DA:29,0
DA:31,0
DA:33,0
DA:34,0
DA:35,0
DA:39,0
DA:40,0
DA:42,0
DA:43,0
DA:44,0
DA:45,0
DA:53,0
DA:55,0
DA:59,0
DA:61,0
DA:62,0
DA:63,0
DA:70,0
DA:71,0
DA:72,0
DA:89,0
DA:90,0
DA:93,0
DA:95,0
DA:97,0
DA:98,0
DA:100,0
DA:101,0
DA:102,0
DA:104,0
DA:108,0
DA:110,0
DA:111,0
DA:112,0
DA:113,0
DA:116,0
DA:117,0
DA:118,0
DA:120,0
DA:122,0
DA:123,0
DA:124,0
DA:125,0
DA:126,0
DA:127,0
DA:128,0
DA:134,0
DA:135,0
DA:136,0
DA:137,0
DA:138,0
DA:139,0
DA:149,0
DA:153,0
DA:154,0
DA:156,0
DA:159,0
DA:160,0
DA:163,0
DA:164,0
DA:165,0
DA:171,0
DA:172,0
DA:173,0
DA:176,0
DA:177,0
DA:178,0
DA:179,0
DA:181,0
LF:79
LH:0
end_of_record
SF:lib/features/dashboard/data/model/user_report_response.dart
DA:6,0
DA:8,0
DA:9,0
DA:10,0
DA:11,0
LF:5
LH:0
end_of_record
SF:lib/features/dashboard/domain/entity/user_reports_entity.dart
DA:8,0
DA:10,0
DA:11,0
DA:14,0
DA:15,0
DA:16,0
DA:18,0
DA:19,0
DA:20,0
DA:21,0
DA:22,0
DA:26,0
DA:27,0
LF:13
LH:0
end_of_record
SF:lib/features/dashboard/presentation/view/dashboard_screen.dart
DA:10,6
DA:11,0
DA:12,0
DA:14,0
DA:15,0
DA:17,0
DA:19,0
DA:20,0
DA:22,0
DA:29,0
DA:31,0
DA:32,0
DA:33,0
DA:34,0
DA:36,0
DA:38,0
DA:39,0
DA:41,0
DA:43,0
DA:44,0
DA:46,0
DA:47,0
DA:48,0
DA:50,0
DA:55,0
DA:58,0
DA:59,0
DA:60,0
DA:63,0
LF:29
LH:1
end_of_record
SF:lib/features/dashboard/presentation/widgets/waste_report_card.dart
DA:15,0
DA:17,0
DA:19,0
DA:20,0
DA:21,0
DA:23,0
DA:25,0
DA:27,0
DA:28,0
DA:30,0
DA:31,0
DA:33,0
DA:34,0
DA:37,0
DA:42,0
DA:44,0
DA:45,0
DA:46,0
DA:47,0
DA:48,0
DA:49,0
DA:50,0
DA:51,0
DA:52,0
DA:53,0
DA:54,0
DA:55,0
DA:57,0
DA:59,0
DA:64,0
DA:71,0
DA:72,0
DA:74,0
DA:75,0
DA:77,0
DA:80,0
LF:36
LH:0
end_of_record
SF:lib/features/home/presentation/view/bottom_view_model/dashboard_state.dart
DA:5,0
DA:6,0
DA:16,0
DA:18,0
DA:19,0
DA:26,0
DA:28,0
DA:29,0
LF:8
LH:0
end_of_record
SF:lib/features/report_waste/presentation/view/report_details_screen.dart
DA:16,0
DA:18,0
DA:19,0
DA:25,0
DA:27,0
DA:29,0
DA:31,0
DA:34,0
DA:36,0
DA:37,0
DA:40,0
DA:42,0
DA:43,0
DA:44,0
DA:45,0
DA:46,0
DA:47,0
DA:48,0
DA:52,0
DA:53,0
DA:56,0
DA:57,0
DA:58,0
DA:60,0
DA:61,0
DA:64,0
DA:66,0
DA:68,0
DA:69,0
DA:71,0
DA:73,0
DA:75,0
DA:79,0
DA:80,0
DA:81,0
DA:82,0
DA:83,0
DA:85,0
DA:86,0
DA:88,0
DA:89,0
DA:90,0
DA:94,0
DA:101,0
DA:102,0
DA:103,0
DA:123,0
DA:125,0
DA:126,0
DA:127,0
DA:130,0
DA:131,0
DA:132,0
DA:133,0
DA:134,0
DA:135,0
DA:157,0
DA:158,0
DA:160,0
DA:161,0
DA:162,0
DA:167,0
DA:168,0
DA:170,0
DA:171,0
DA:172,0
DA:174,0
DA:175,0
LF:68
LH:0
end_of_record
SF:lib/features/report_waste/presentation/view/report_waste_screen.dart
DA:13,6
DA:15,0
DA:16,0
DA:20,0
DA:22,0
DA:23,0
DA:26,0
DA:28,0
DA:29,0
DA:30,0
DA:32,0
DA:33,0
DA:34,0
DA:35,0
DA:42,0
DA:43,0
DA:44,0
DA:46,0
DA:47,0
DA:48,0
DA:49,0
DA:51,0
DA:62,0
DA:63,0
DA:64,0
DA:65,0
DA:66,0
DA:67,0
DA:68,0
DA:74,0
DA:75,0
DA:76,0
DA:77,0
DA:84,0
DA:85,0
DA:86,0
DA:88,0
DA:91,0
DA:92,0
DA:93,0
DA:95,0
DA:97,0
DA:98,0
DA:99,0
DA:100,0
DA:101,0
DA:102,0
DA:108,0
DA:109,0
DA:110,0
DA:111,0
DA:112,0
DA:127,0
DA:128,0
DA:129,0
DA:130,0
DA:131,0
DA:132,0
DA:141,0
DA:142,0
DA:143,0
DA:145,0
DA:146,0
DA:147,0
DA:149,0
DA:151,0
DA:152,0
DA:153,0
DA:154,0
DA:155,0
DA:156,0
DA:171,0
DA:172,0
DA:173,0
DA:174,0
DA:177,0
LF:76
LH:1
end_of_record
SF:lib/features/home/presentation/view/bottom_view_model/dashboard_event.dart
DA:4,0
DA:5,0
DA:15,0
DA:17,0
DA:18,0
LF:5
LH:0
end_of_record
SF:lib/features/home/presentation/view_model/home_state.dart
DA:12,0
DA:14,0
DA:15,0
DA:18,0
DA:19,0
DA:22,0
DA:23,0
LF:7
LH:0
end_of_record
SF:lib/features/onboarding/presentation/view/onboarding_view.dart
DA:8,6
DA:10,0
DA:12,0
DA:15,0
DA:16,0
DA:17,0
DA:19,0
DA:20,0
DA:22,0
DA:23,0
DA:24,0
DA:27,0
DA:33,0
DA:35,0
DA:36,0
DA:37,0
DA:39,0
DA:40,0
DA:43,0
LF:19
LH:1
end_of_record
SF:lib/features/report_waste/data/model/report_details.dart
DA:7,2
DA:18,4
DA:20,0
DA:21,0
DA:22,0
DA:23,0
DA:24,0
DA:25,0
DA:26,0
DA:27,0
DA:28,0
DA:29,0
DA:30,0
DA:31,0
DA:41,2
DA:43,0
DA:44,0
DA:47,0
DA:48,0
LF:19
LH:3
end_of_record
SF:lib/features/report_waste/presentation/widgets/delete_confirmation_dialog.dart
DA:4,0
DA:6,0
DA:8,0
DA:12,0
DA:13,0
DA:14,0
LF:6
LH:0
end_of_record
